<?xml version="1.0" encoding="UTF-8"?>
<testsuite xmlns:xsi="http://www.w3.org/2001/XMLSchema-instance" xsi:noNamespaceSchemaLocation="https://maven.apache.org/surefire/maven-surefire-plugin/xsd/surefire-test-report.xsd" name="com.org.spemajorbackend.controller.RegistrationControllerTest" time="4.642" tests="8" errors="0" skipped="0" failures="0">
  <properties>
[...]
</properties>
  <testcase name="testForgotPassword2" classname="com.org.spemajorbackend.controller.RegistrationControllerTest" time="1.047"/>
  <testcase name="testRegisterMess" classname="com.org.spemajorbackend.controller.RegistrationControllerTest" time="0.479"/>
  <testcase name="testRegisterCustomer" classname="com.org.spemajorbackend.controller.RegistrationControllerTest" time="0.101"/>
  <testcase name="testForgotPassword" classname="com.org.spemajorbackend.controller.RegistrationControllerTest" time="0.102"/>
  <testcase name="testRegisterMess2" classname="com.org.spemajorbackend.controller.RegistrationControllerTest" time="0.112"/>
  <testcase name="testRegisterMess3" classname="com.org.spemajorbackend.controller.RegistrationControllerTest" time="0.088"/>
  <testcase name="testRegisterCustomer2" classname="com.org.spemajorbackend.controller.RegistrationControllerTest" time="0.057"/>
  <testcase name="testRegisterCustomer3" classname="com.org.spemajorbackend.controller.RegistrationControllerTest" time="0.065"/>
</testsuite>